<?xml version="1.0" encoding="UTF-8"?>
<!-- Generated by org.testng.reporters.JUnitXMLReporter -->
<testsuite ignored="0" hostname="DESKTOP-G07M1S2" failures="0" tests="2" name="Test" time="20.045" errors="0" timestamp="2024-03-06T09:42:38 PST">
  <testcase classname="flipKartAutomate.EndToEndTestFlow" name="supportMultipleBroserUsingPropertyFile" time="9.51"/>
  <testcase classname="flipKartAutomate.EndToEndTestFlow" name="supportMultipleBroserUsingTestNG_XML" time="10.424"/>
</testsuite> <!-- Test -->
